RUNNING IN DEBUG MODE
{}
RAN TEST:
{"time":0,"memory":0,"error":false,"tests":[false],"output":""}
RUNNING IN DEBUG MODE
{}
RAN TEST:
{"time":0,"memory":0,"error":false,"tests":[false],"output":""}
RUNNING IN DEBUG MODE
{}
RAN TEST:
{"time":0,"memory":0,"error":false,"tests":[false],"output":""}
RUNNING IN DEBUG MODE
{}
RAN TEST:
{"time":0,"memory":0,"error":false,"tests":[false],"output":""}
Sending token:
eyJhbGciOiJIUzI1NiIsInR5cCI6IkpXVCJ9.eyJpZCI6IjY2MWQyZWYzYWQ5OThjZTdkYjRlMzM4MSIsImlhdCI6MTcxMzE4ODU5NSwiZXhwIjoxNzEzMTkyMTk1fQ.BnH_5Jez7QLafEDKGMQ3kAAqrLFPJYHCHhSxui3c4PQ
RUNNING IN DEBUG MODE
{}
RAN TEST:
{"time":0,"memory":0,"error":false,"tests":[false],"output":""}
RUNNING IN DEBUG MODE
{}
RAN TEST:
{"time":0,"memory":0,"error":false,"tests":[false],"output":""}
RUNNING IN DEBUG MODE
{}
RAN TEST:
{"time":0,"memory":0,"error":false,"tests":[false],"output":""}
RUNNING IN DEBUG MODE
{}
RAN TEST:
{"time":0,"memory":0,"error":false,"tests":[false],"output":""}
